<?xml version="1.0" encoding="UTF-8"?>
<testsuite xmlns:xsi="http://www.w3.org/2001/XMLSchema-instance" xsi:noNamespaceSchemaLocation="https://maven.apache.org/surefire/maven-surefire-plugin/xsd/surefire-test-report-3.0.xsd" version="3.0" name="fr.utc.miage.shares.JourTest" time="0.128" tests="11" errors="0" skipped="0" failures="0">
  <properties>
[...]
</properties>
  <testcase name="testEqualsWithSameObjectShouldWork" classname="fr.utc.miage.shares.JourTest" time="0.049"/>
  <testcase name="testAccessorShouldWork" classname="fr.utc.miage.shares.JourTest" time="0.005"/>
  <testcase name="testNotEqualsWithDifferentClassShouldWork" classname="fr.utc.miage.shares.JourTest" time="0.003"/>
  <testcase name="testNotEqualsWithDifferentDaysShouldWork" classname="fr.utc.miage.shares.JourTest" time="0.001"/>
  <testcase name="testNotEqualsWithDifferentYearsAndDaysShouldWork" classname="fr.utc.miage.shares.JourTest" time="0.001"/>
  <testcase name="testNotEqualsWithNullObjectShouldWork" classname="fr.utc.miage.shares.JourTest" time="0.001"/>
  <testcase name="testHashCode" classname="fr.utc.miage.shares.JourTest" time="0.003"/>
  <testcase name="testEqualsWithEqualObjectShouldWork" classname="fr.utc.miage.shares.JourTest" time="0.001"/>
  <testcase name="testNotEqualsWithDifferentYearsShouldWork" classname="fr.utc.miage.shares.JourTest" time="0.001"/>
  <testcase name="testAllConstructorUsage" classname="fr.utc.miage.shares.JourTest" time="0.003"/>
  <testcase name="testToStringWithDedicatedLayout" classname="fr.utc.miage.shares.JourTest" time="0.008"/>
</testsuite>